<?xml version="1.0" encoding="UTF-8"?>
<!-- Generated by org.testng.reporters.JUnitReportReporter -->
<testsuite hostname="DESKTOP-EER3MNQ" failures="0" tests="1" name="com.swiggy.SwiggyAppiumScript" time="12.416" errors="0" timestamp="2021-07-17T09:24:40 ART" skipped="0">
  <testcase classname="com.swiggy.SwiggyAppiumScript" name="test1" time="12.416"/>
  <system-out/>
</testsuite> <!-- com.swiggy.SwiggyAppiumScript -->
