<?xml version="1.0" encoding="UTF-8"?>
<!-- Generated by org.testng.reporters.JUnitReportReporter -->
<testsuite hostname="DESKTOP-EER3MNQ" failures="0" tests="1" name="com.swiggy.SwiggyAppiumScript" time="0.002" errors="0" timestamp="2021-07-07T23:44:22 ART" skipped="0">
  <testcase classname="com.swiggy.SwiggyAppiumScript" name="test1" time="0.002"/>
  <system-out/>
</testsuite> <!-- com.swiggy.SwiggyAppiumScript -->
